<?xml version="1.0" encoding="UTF-8"?>
<!-- Generated by org.testng.reporters.JUnitReportReporter -->
<testsuite skipped="3" hostname="DESKTOP-D2PG3UN" name="elearning.elearning" tests="6" failures="0" timestamp="2022-01-19T00:56:29 IST" time="79.810" errors="0">
  <testcase name="login" time="5.943" classname="elearning.elearning"/>
  <system-out/>
  <testcase name="skills" time="66.833" classname="elearning.elearning"/>
  <system-out/>
  <testcase name="logout" time="7.034" classname="elearning.elearning"/>
  <system-out/>
  <testcase name="profile" classname="elearning.elearning">
    <skipped/>
  </testcase> <!-- profile -->
  <system-out/>
  <testcase name="Courses" classname="elearning.elearning">
    <skipped/>
  </testcase> <!-- Courses -->
  <system-out/>
  <testcase name="register" classname="elearning.elearning">
    <skipped/>
  </testcase> <!-- register -->
  <system-out/>
</testsuite> <!-- elearning.elearning -->
